This file contains any messages produced by compilers while
running configure, to aid debugging if configure makes a mistake.

It was created by SHTns configure 2.8, which was
generated by GNU Autoconf 2.69.  Invocation command line was

  $ ./configure --enable-python --libdir=/usr/lib64

## --------- ##
## Platform. ##
## --------- ##

hostname = localhost.localdomain
uname -m = x86_64
uname -r = 4.13.1-1-default
uname -s = Linux
uname -v = #1 SMP PREEMPT Sun Sep 10 12:02:44 UTC 2017 (0d725b5)

/usr/bin/uname -p = x86_64
/bin/uname -X     = unknown

/bin/arch              = x86_64
/usr/bin/arch -k       = unknown
/usr/convex/getsysinfo = unknown
/usr/bin/hostinfo      = unknown
/bin/machine           = unknown
/usr/bin/oslevel       = unknown
/bin/universe          = unknown

PATH: /usr/lib64/mpi/gcc/openmpi/bin
PATH: /home/pasha/bin
PATH: /usr/local/bin
PATH: /usr/bin
PATH: /bin


## ----------- ##
## Core tests. ##
## ----------- ##

configure:2129: loading site script /usr/share/site/x86_64-unknown-linux-gnu
| #!/bin/sh
| # Site script for configure. It is resourced via $CONFIG_SITE environment varaible.
| 
| # If user did not specify libdir, guess the correct target:
| # Use lib64 for 64 bit bi-arch targets, keep the default for the rest.
| if test "$libdir" = '${exec_prefix}/lib' ; then
| 
| 	ac_config_site_64bit_host=NONE
| 
| 	case "$host" in
| 	"" )
| 		# User did not specify host target.
| 		# The native platform x86_64 is a bi-arch platform.
| 		# Try to detect cross-compilation to inferior architecture.
| 
| 		# We are trying to guess 32-bit target compilation. It's not as easy as
| 		# it sounds, as there is possible several intermediate combinations.
| 		ac_config_site_cross_to_32bit_host=NONE
| 
| 		# User defined -m32 in CFLAGS or CXXFLAGS or CC or CXX:
| 		# (It's sufficient for 32-bit, but alone may cause mis-behavior of some checks.)
| 		case "$CFLAGS $CXXFLAGS $CC $CXX" in
| 		*-m32*)
| 			ac_config_site_cross_to_32bit_host=YES
| 			;;
| 		esac
| 
| 		# Running with linux32:
| 		# (Changes detected platform, but not the toolchain target.)
| 		case "`/bin/uname -i`" in
| 		x86_64 | ppc64 | s390x | aarch64 )
| 			;;
| 		* )
| 			ac_config_site_cross_to_32bit_host=YES
| 			;;
| 		esac
| 
| 		if test "x$ac_config_site_cross_to_32bit_host" = xNONE; then
| 			ac_config_site_64bit_host=YES
| 		fi
| 
| 		;;
| 	*x86_64* | *ppc64* | *s390x* | *aarch64* )
| 		ac_config_site_64bit_host=YES
| 		;;
| 	esac
| 
| 	if test "x$ac_config_site_64bit_host" = xYES; then
| 		libdir='${exec_prefix}/lib64'
| 	fi
| fi
| 
| # If user did not specify libexecdir, set the correct target:
| # Nor FHS nor openSUSE allow prefix/libexec. Let's default to prefix/lib.
| 
| if test "$libexecdir" = '${exec_prefix}/libexec' ; then
| 	libexecdir='${exec_prefix}/lib'
| fi
| 
| # Continue with the standard behavior of configure defined in AC_SITE_LOAD:
| if test "x$prefix" != xNONE; then
| 	ac_site_file1=$prefix/share/config.site
| 	ac_site_file2=$prefix/etc/config.site
| else
| 	ac_site_file1=$ac_default_prefix/share/config.site
| 	ac_site_file2=$ac_default_prefix/etc/config.site
| fi
| for ac_site_file in "$ac_site_file1" "$ac_site_file2"
| do
| 	test "x$ac_site_file" = xNONE && continue
| 	if test /dev/null != "$ac_site_file" && test -r "$ac_site_file"; then
| 		{ $as_echo "/usr/share/site/x86_64-unknown-linux-gnu:${as_lineno-$LINENO}: loading site script $ac_site_file" >&5
| $as_echo "/usr/share/site/x86_64-unknown-linux-gnu: loading site script $ac_site_file" >&6;}
| 		sed 's/^/| /' "$ac_site_file" >&5
| 		. "$ac_site_file" \
| 			|| { { $as_echo "/usr/share/site/x86_64-unknown-linux-gnu:${as_lineno-$LINENO}: error: in \`$ac_pwd':" >&5
| $as_echo "/usr/share/site/x86_64-unknown-linux-gnu: error: in \`$ac_pwd':" >&2;}
| as_fn_error $? "failed to load site script $ac_site_file
| See \`config.log' for more details" "$LINENO" 5; }
| 	fi
| done
configure:2368: checking for gcc
configure:2384: found /usr/bin/gcc
configure:2395: result: gcc
configure:2624: checking for C compiler version
configure:2633: gcc --version >&5
gcc (SUSE Linux) 7.2.1 20170901 [gcc-7-branch revision 251580]
Copyright (C) 2017 Free Software Foundation, Inc.
This is free software; see the source for copying conditions.  There is NO
warranty; not even for MERCHANTABILITY or FITNESS FOR A PARTICULAR PURPOSE.

configure:2644: $? = 0
configure:2633: gcc -v >&5
Using built-in specs.
COLLECT_GCC=gcc
COLLECT_LTO_WRAPPER=/usr/lib64/gcc/x86_64-suse-linux/7/lto-wrapper
OFFLOAD_TARGET_NAMES=hsa:nvptx-none
Target: x86_64-suse-linux
Configured with: ../configure --prefix=/usr --infodir=/usr/share/info --mandir=/usr/share/man --libdir=/usr/lib64 --libexecdir=/usr/lib64 --enable-languages=c,c++,objc,fortran,obj-c++,ada,go --enable-offload-targets=hsa,nvptx-none=/usr/nvptx-none, --without-cuda-driver --enable-checking=release --disable-werror --with-gxx-include-dir=/usr/include/c++/7 --enable-ssp --disable-libssp --disable-libvtv --disable-libcc1 --enable-plugin --with-bugurl=http://bugs.opensuse.org/ --with-pkgversion='SUSE Linux' --with-slibdir=/lib64 --with-system-zlib --enable-__cxa_atexit --enable-libstdcxx-allocator=new --disable-libstdcxx-pch --enable-version-specific-runtime-libs --with-gcc-major-version-only --enable-linker-build-id --enable-linux-futex --enable-gnu-indirect-function --program-suffix=-7 --without-system-libunwind --enable-multilib --with-arch-32=x86-64 --with-tune=generic --build=x86_64-suse-linux --host=x86_64-suse-linux
Thread model: posix
gcc version 7.2.1 20170901 [gcc-7-branch revision 251580] (SUSE Linux) 
configure:2644: $? = 0
configure:2633: gcc -V >&5
gcc: error: unrecognized command line option '-V'
gcc: fatal error: no input files
compilation terminated.
configure:2644: $? = 1
configure:2633: gcc -qversion >&5
gcc: error: unrecognized command line option '-qversion'; did you mean '--version'?
gcc: fatal error: no input files
compilation terminated.
configure:2644: $? = 1
configure:2664: checking whether the C compiler works
configure:2686: gcc -O2 -I/usr/local/include -L/usr/local/lib   conftest.c  >&5
configure:2690: $? = 0
configure:2738: result: yes
configure:2741: checking for C compiler default output file name
configure:2743: result: a.out
configure:2749: checking for suffix of executables
configure:2756: gcc -o conftest -O2 -I/usr/local/include -L/usr/local/lib   conftest.c  >&5
configure:2760: $? = 0
configure:2782: result: 
configure:2804: checking whether we are cross compiling
configure:2812: gcc -o conftest -O2 -I/usr/local/include -L/usr/local/lib   conftest.c  >&5
configure:2816: $? = 0
configure:2823: ./conftest
configure:2827: $? = 0
configure:2842: result: no
configure:2847: checking for suffix of object files
configure:2869: gcc -c -O2 -I/usr/local/include -L/usr/local/lib  conftest.c >&5
configure:2873: $? = 0
configure:2894: result: o
configure:2898: checking whether we are using the GNU C compiler
configure:2917: gcc -c -O2 -I/usr/local/include -L/usr/local/lib  conftest.c >&5
configure:2917: $? = 0
configure:2926: result: yes
configure:2935: checking whether gcc accepts -g
configure:2955: gcc -c -g  conftest.c >&5
configure:2955: $? = 0
configure:2996: result: yes
configure:3013: checking for gcc option to accept ISO C89
configure:3076: gcc  -c -O2 -I/usr/local/include -L/usr/local/lib  conftest.c >&5
configure:3076: $? = 0
configure:3089: result: none needed
configure:3109: checking for a sed that does not truncate output
configure:3173: result: /usr/bin/sed
configure:3188: checking whether C compiler accepts -march=native
configure:3207: gcc -c -O2 -I/usr/local/include -L/usr/local/lib  -march=native  conftest.c >&5
configure:3207: $? = 0
configure:3215: result: yes
configure:3305: checking whether C compiler accepts -ffast-math
configure:3324: gcc -march=native -c -O2 -I/usr/local/include -L/usr/local/lib  -ffast-math  conftest.c >&5
configure:3324: $? = 0
configure:3332: result: yes
configure:3340: checking whether C compiler accepts -fomit-frame-pointer
configure:3359: gcc -march=native -c -O2 -I/usr/local/include -L/usr/local/lib -ffast-math  -fomit-frame-pointer  conftest.c >&5
configure:3359: $? = 0
configure:3367: result: yes
configure:3375: checking whether C compiler accepts -std=gnu99
configure:3394: gcc -march=native -c -O2 -I/usr/local/include -L/usr/local/lib -ffast-math -fomit-frame-pointer  -std=gnu99  conftest.c >&5
configure:3394: $? = 0
configure:3402: result: yes
configure:3417: checking how to run the C preprocessor
configure:3448: gcc -march=native -E  conftest.c
configure:3448: $? = 0
configure:3462: gcc -march=native -E  conftest.c
conftest.c:9:10: fatal error: ac_nonexistent.h: No such file or directory
 #include <ac_nonexistent.h>
          ^~~~~~~~~~~~~~~~~~
compilation terminated.
configure:3462: $? = 1
configure: failed program was:
| /* confdefs.h */
| #define PACKAGE_NAME "SHTns"
| #define PACKAGE_TARNAME "shtns"
| #define PACKAGE_VERSION "2.8"
| #define PACKAGE_STRING "SHTns 2.8"
| #define PACKAGE_BUGREPORT ""
| #define PACKAGE_URL "https://bitbucket.org/nschaeff/shtns"
| /* end confdefs.h.  */
| #include <ac_nonexistent.h>
configure:3487: result: gcc -march=native -E
configure:3507: gcc -march=native -E  conftest.c
configure:3507: $? = 0
configure:3521: gcc -march=native -E  conftest.c
conftest.c:9:10: fatal error: ac_nonexistent.h: No such file or directory
 #include <ac_nonexistent.h>
          ^~~~~~~~~~~~~~~~~~
compilation terminated.
configure:3521: $? = 1
configure: failed program was:
| /* confdefs.h */
| #define PACKAGE_NAME "SHTns"
| #define PACKAGE_TARNAME "shtns"
| #define PACKAGE_VERSION "2.8"
| #define PACKAGE_STRING "SHTns 2.8"
| #define PACKAGE_BUGREPORT ""
| #define PACKAGE_URL "https://bitbucket.org/nschaeff/shtns"
| /* end confdefs.h.  */
| #include <ac_nonexistent.h>
configure:3550: checking for grep that handles long lines and -e
configure:3608: result: /usr/bin/grep
configure:3613: checking for egrep
configure:3675: result: /usr/bin/grep -E
configure:3697: checking for ANSI C header files
configure:3717: gcc -march=native -c -O2 -I/usr/local/include -L/usr/local/lib -ffast-math -fomit-frame-pointer -std=gnu99  conftest.c >&5
configure:3717: $? = 0
configure:3790: gcc -march=native -o conftest -O2 -I/usr/local/include -L/usr/local/lib -ffast-math -fomit-frame-pointer -std=gnu99   conftest.c  >&5
configure:3790: $? = 0
configure:3790: ./conftest
configure:3790: $? = 0
configure:3801: result: yes
configure:3814: checking for sys/types.h
configure:3814: gcc -march=native -c -O2 -I/usr/local/include -L/usr/local/lib -ffast-math -fomit-frame-pointer -std=gnu99  conftest.c >&5
configure:3814: $? = 0
configure:3814: result: yes
configure:3814: checking for sys/stat.h
configure:3814: gcc -march=native -c -O2 -I/usr/local/include -L/usr/local/lib -ffast-math -fomit-frame-pointer -std=gnu99  conftest.c >&5
configure:3814: $? = 0
configure:3814: result: yes
configure:3814: checking for stdlib.h
configure:3814: gcc -march=native -c -O2 -I/usr/local/include -L/usr/local/lib -ffast-math -fomit-frame-pointer -std=gnu99  conftest.c >&5
configure:3814: $? = 0
configure:3814: result: yes
configure:3814: checking for string.h
configure:3814: gcc -march=native -c -O2 -I/usr/local/include -L/usr/local/lib -ffast-math -fomit-frame-pointer -std=gnu99  conftest.c >&5
configure:3814: $? = 0
configure:3814: result: yes
configure:3814: checking for memory.h
configure:3814: gcc -march=native -c -O2 -I/usr/local/include -L/usr/local/lib -ffast-math -fomit-frame-pointer -std=gnu99  conftest.c >&5
configure:3814: $? = 0
configure:3814: result: yes
configure:3814: checking for strings.h
configure:3814: gcc -march=native -c -O2 -I/usr/local/include -L/usr/local/lib -ffast-math -fomit-frame-pointer -std=gnu99  conftest.c >&5
configure:3814: $? = 0
configure:3814: result: yes
configure:3814: checking for inttypes.h
configure:3814: gcc -march=native -c -O2 -I/usr/local/include -L/usr/local/lib -ffast-math -fomit-frame-pointer -std=gnu99  conftest.c >&5
configure:3814: $? = 0
configure:3814: result: yes
configure:3814: checking for stdint.h
configure:3814: gcc -march=native -c -O2 -I/usr/local/include -L/usr/local/lib -ffast-math -fomit-frame-pointer -std=gnu99  conftest.c >&5
configure:3814: $? = 0
configure:3814: result: yes
configure:3814: checking for unistd.h
configure:3814: gcc -march=native -c -O2 -I/usr/local/include -L/usr/local/lib -ffast-math -fomit-frame-pointer -std=gnu99  conftest.c >&5
configure:3814: $? = 0
configure:3814: result: yes
configure:3829: checking for stdlib.h
configure:3829: result: yes
configure:3829: checking stdio.h usability
configure:3829: gcc -march=native -c -O2 -I/usr/local/include -L/usr/local/lib -ffast-math -fomit-frame-pointer -std=gnu99  conftest.c >&5
configure:3829: $? = 0
configure:3829: result: yes
configure:3829: checking stdio.h presence
configure:3829: gcc -march=native -E  conftest.c
configure:3829: $? = 0
configure:3829: result: yes
configure:3829: checking for stdio.h
configure:3829: result: yes
configure:3829: checking for string.h
configure:3829: result: yes
configure:3829: checking math.h usability
configure:3829: gcc -march=native -c -O2 -I/usr/local/include -L/usr/local/lib -ffast-math -fomit-frame-pointer -std=gnu99  conftest.c >&5
configure:3829: $? = 0
configure:3829: result: yes
configure:3829: checking math.h presence
configure:3829: gcc -march=native -E  conftest.c
configure:3829: $? = 0
configure:3829: result: yes
configure:3829: checking for math.h
configure:3829: result: yes
configure:3829: checking complex.h usability
configure:3829: gcc -march=native -c -O2 -I/usr/local/include -L/usr/local/lib -ffast-math -fomit-frame-pointer -std=gnu99  conftest.c >&5
configure:3829: $? = 0
configure:3829: result: yes
configure:3829: checking complex.h presence
configure:3829: gcc -march=native -E  conftest.c
configure:3829: $? = 0
configure:3829: result: yes
configure:3829: checking for complex.h
configure:3829: result: yes
configure:3841: checking for cos in -lm
configure:3866: gcc -march=native -o conftest -O2 -I/usr/local/include -L/usr/local/lib -ffast-math -fomit-frame-pointer -std=gnu99   conftest.c -lm   >&5
conftest.c:31:6: warning: conflicting types for built-in function 'cos' [-Wbuiltin-declaration-mismatch]
 char cos ();
      ^~~
configure:3866: $? = 0
configure:3875: result: yes
configure:3930: checking for gcc -march=native option to support OpenMP
configure:3945: gcc -march=native -o conftest -O2 -I/usr/local/include -L/usr/local/lib -ffast-math -fomit-frame-pointer -std=gnu99   conftest.c -lm  >&5
conftest.c:27:2: error: unknown type name 'choke'
  choke me
  ^~~~~
In file included from conftest.c:29:0:
/usr/lib64/gcc/x86_64-suse-linux/7/include/omp.h:35:1: error: expected '=', ',', ';', 'asm' or '__attribute__' before 'typedef'
 typedef struct
 ^~~~~~~
configure:3945: $? = 1
configure: failed program was:
| /* confdefs.h */
| #define PACKAGE_NAME "SHTns"
| #define PACKAGE_TARNAME "shtns"
| #define PACKAGE_VERSION "2.8"
| #define PACKAGE_STRING "SHTns 2.8"
| #define PACKAGE_BUGREPORT ""
| #define PACKAGE_URL "https://bitbucket.org/nschaeff/shtns"
| #define STDC_HEADERS 1
| #define HAVE_SYS_TYPES_H 1
| #define HAVE_SYS_STAT_H 1
| #define HAVE_STDLIB_H 1
| #define HAVE_STRING_H 1
| #define HAVE_MEMORY_H 1
| #define HAVE_STRINGS_H 1
| #define HAVE_INTTYPES_H 1
| #define HAVE_STDINT_H 1
| #define HAVE_UNISTD_H 1
| #define HAVE_STDLIB_H 1
| #define HAVE_STDIO_H 1
| #define HAVE_STRING_H 1
| #define HAVE_MATH_H 1
| #define HAVE_COMPLEX_H 1
| #define HAVE_LIBM 1
| /* end confdefs.h.  */
| 
| #ifndef _OPENMP
|  choke me
| #endif
| #include <omp.h>
| int main () { return omp_get_num_threads (); }
| 
configure:3963: gcc -march=native -o conftest -O2 -I/usr/local/include -L/usr/local/lib -ffast-math -fomit-frame-pointer -std=gnu99 -fopenmp   conftest.c -lm  >&5
configure:3963: $? = 0
configure:3977: result: -fopenmp
configure:4121: checking for fftw_plan_many_dft in -lfftw3
configure:4146: gcc -march=native -o conftest -O2 -I/usr/local/include -L/usr/local/lib -ffast-math -fomit-frame-pointer -std=gnu99 -fopenmp   conftest.c -lfftw3  -lm  >&5
configure:4146: $? = 0
configure:4155: result: yes
configure:4170: checking for fftw_init_threads in -lfftw3_omp
configure:4195: gcc -march=native -o conftest -O2 -I/usr/local/include -L/usr/local/lib -ffast-math -fomit-frame-pointer -std=gnu99 -fopenmp   conftest.c -lfftw3_omp  -lfftw3 -lm  >&5
configure:4195: $? = 0
configure:4204: result: yes
configure:4229: checking for python with numpy package
configure:4255: result: python
configure:4370: checking for size_t
configure:4370: gcc -march=native -c -O2 -I/usr/local/include -L/usr/local/lib -ffast-math -fomit-frame-pointer -std=gnu99 -fopenmp -fpic  conftest.c >&5
configure:4370: $? = 0
configure:4370: gcc -march=native -c -O2 -I/usr/local/include -L/usr/local/lib -ffast-math -fomit-frame-pointer -std=gnu99 -fopenmp -fpic  conftest.c >&5
conftest.c: In function 'main':
conftest.c:66:21: error: expected expression before ')' token
 if (sizeof ((size_t)))
                     ^
configure:4370: $? = 1
configure: failed program was:
| /* confdefs.h */
| #define PACKAGE_NAME "SHTns"
| #define PACKAGE_TARNAME "shtns"
| #define PACKAGE_VERSION "2.8"
| #define PACKAGE_STRING "SHTns 2.8"
| #define PACKAGE_BUGREPORT ""
| #define PACKAGE_URL "https://bitbucket.org/nschaeff/shtns"
| #define STDC_HEADERS 1
| #define HAVE_SYS_TYPES_H 1
| #define HAVE_SYS_STAT_H 1
| #define HAVE_STDLIB_H 1
| #define HAVE_STRING_H 1
| #define HAVE_MEMORY_H 1
| #define HAVE_STRINGS_H 1
| #define HAVE_INTTYPES_H 1
| #define HAVE_STDINT_H 1
| #define HAVE_UNISTD_H 1
| #define HAVE_STDLIB_H 1
| #define HAVE_STDIO_H 1
| #define HAVE_STRING_H 1
| #define HAVE_MATH_H 1
| #define HAVE_COMPLEX_H 1
| #define HAVE_LIBM 1
| #define HAVE_LIBFFTW3 1
| #define HAVE_LIBFFTW3_OMP 1
| #define SHT_F77_API 1
| #define _GCC_VEC_ 1
| #define SHT_VERBOSE 1
| /* end confdefs.h.  */
| #include <stdio.h>
| #ifdef HAVE_SYS_TYPES_H
| # include <sys/types.h>
| #endif
| #ifdef HAVE_SYS_STAT_H
| # include <sys/stat.h>
| #endif
| #ifdef STDC_HEADERS
| # include <stdlib.h>
| # include <stddef.h>
| #else
| # ifdef HAVE_STDLIB_H
| #  include <stdlib.h>
| # endif
| #endif
| #ifdef HAVE_STRING_H
| # if !defined STDC_HEADERS && defined HAVE_MEMORY_H
| #  include <memory.h>
| # endif
| # include <string.h>
| #endif
| #ifdef HAVE_STRINGS_H
| # include <strings.h>
| #endif
| #ifdef HAVE_INTTYPES_H
| # include <inttypes.h>
| #endif
| #ifdef HAVE_STDINT_H
| # include <stdint.h>
| #endif
| #ifdef HAVE_UNISTD_H
| # include <unistd.h>
| #endif
| int
| main ()
| {
| if (sizeof ((size_t)))
| 	    return 0;
|   ;
|   return 0;
| }
configure:4370: result: yes
configure:4387: checking for fftw_cost
configure:4387: gcc -march=native -o conftest -O2 -I/usr/local/include -L/usr/local/lib -ffast-math -fomit-frame-pointer -std=gnu99 -fopenmp -fpic   conftest.c -lfftw3_omp -lfftw3 -lm  >&5
configure:4387: $? = 0
configure:4387: result: yes
configure:4398: checking for inline
configure:4414: gcc -march=native -c -O2 -I/usr/local/include -L/usr/local/lib -ffast-math -fomit-frame-pointer -std=gnu99 -fopenmp -fpic  conftest.c >&5
configure:4414: $? = 0
configure:4422: result: inline
configure:4440: checking whether time.h and sys/time.h may both be included
configure:4460: gcc -march=native -c -O2 -I/usr/local/include -L/usr/local/lib -ffast-math -fomit-frame-pointer -std=gnu99 -fopenmp -fpic  conftest.c >&5
configure:4460: $? = 0
configure:4467: result: yes
configure:4478: checking sys/time.h usability
configure:4478: gcc -march=native -c -O2 -I/usr/local/include -L/usr/local/lib -ffast-math -fomit-frame-pointer -std=gnu99 -fopenmp -fpic  conftest.c >&5
configure:4478: $? = 0
configure:4478: result: yes
configure:4478: checking sys/time.h presence
configure:4478: gcc -march=native -E  conftest.c
configure:4478: $? = 0
configure:4478: result: yes
configure:4478: checking for sys/time.h
configure:4478: result: yes
configure:4478: checking c_asm.h usability
configure:4478: gcc -march=native -c -O2 -I/usr/local/include -L/usr/local/lib -ffast-math -fomit-frame-pointer -std=gnu99 -fopenmp -fpic  conftest.c >&5
conftest.c:66:10: fatal error: c_asm.h: No such file or directory
 #include <c_asm.h>
          ^~~~~~~~~
compilation terminated.
configure:4478: $? = 1
configure: failed program was:
| /* confdefs.h */
| #define PACKAGE_NAME "SHTns"
| #define PACKAGE_TARNAME "shtns"
| #define PACKAGE_VERSION "2.8"
| #define PACKAGE_STRING "SHTns 2.8"
| #define PACKAGE_BUGREPORT ""
| #define PACKAGE_URL "https://bitbucket.org/nschaeff/shtns"
| #define STDC_HEADERS 1
| #define HAVE_SYS_TYPES_H 1
| #define HAVE_SYS_STAT_H 1
| #define HAVE_STDLIB_H 1
| #define HAVE_STRING_H 1
| #define HAVE_MEMORY_H 1
| #define HAVE_STRINGS_H 1
| #define HAVE_INTTYPES_H 1
| #define HAVE_STDINT_H 1
| #define HAVE_UNISTD_H 1
| #define HAVE_STDLIB_H 1
| #define HAVE_STDIO_H 1
| #define HAVE_STRING_H 1
| #define HAVE_MATH_H 1
| #define HAVE_COMPLEX_H 1
| #define HAVE_LIBM 1
| #define HAVE_LIBFFTW3 1
| #define HAVE_LIBFFTW3_OMP 1
| #define SHT_F77_API 1
| #define _GCC_VEC_ 1
| #define SHT_VERBOSE 1
| #define HAVE_FFTW_COST 1
| #define TIME_WITH_SYS_TIME 1
| #define HAVE_SYS_TIME_H 1
| /* end confdefs.h.  */
| #include <stdio.h>
| #ifdef HAVE_SYS_TYPES_H
| # include <sys/types.h>
| #endif
| #ifdef HAVE_SYS_STAT_H
| # include <sys/stat.h>
| #endif
| #ifdef STDC_HEADERS
| # include <stdlib.h>
| # include <stddef.h>
| #else
| # ifdef HAVE_STDLIB_H
| #  include <stdlib.h>
| # endif
| #endif
| #ifdef HAVE_STRING_H
| # if !defined STDC_HEADERS && defined HAVE_MEMORY_H
| #  include <memory.h>
| # endif
| # include <string.h>
| #endif
| #ifdef HAVE_STRINGS_H
| # include <strings.h>
| #endif
| #ifdef HAVE_INTTYPES_H
| # include <inttypes.h>
| #endif
| #ifdef HAVE_STDINT_H
| # include <stdint.h>
| #endif
| #ifdef HAVE_UNISTD_H
| # include <unistd.h>
| #endif
| #include <c_asm.h>
configure:4478: result: no
configure:4478: checking c_asm.h presence
configure:4478: gcc -march=native -E  conftest.c
conftest.c:33:10: fatal error: c_asm.h: No such file or directory
 #include <c_asm.h>
          ^~~~~~~~~
compilation terminated.
configure:4478: $? = 1
configure: failed program was:
| /* confdefs.h */
| #define PACKAGE_NAME "SHTns"
| #define PACKAGE_TARNAME "shtns"
| #define PACKAGE_VERSION "2.8"
| #define PACKAGE_STRING "SHTns 2.8"
| #define PACKAGE_BUGREPORT ""
| #define PACKAGE_URL "https://bitbucket.org/nschaeff/shtns"
| #define STDC_HEADERS 1
| #define HAVE_SYS_TYPES_H 1
| #define HAVE_SYS_STAT_H 1
| #define HAVE_STDLIB_H 1
| #define HAVE_STRING_H 1
| #define HAVE_MEMORY_H 1
| #define HAVE_STRINGS_H 1
| #define HAVE_INTTYPES_H 1
| #define HAVE_STDINT_H 1
| #define HAVE_UNISTD_H 1
| #define HAVE_STDLIB_H 1
| #define HAVE_STDIO_H 1
| #define HAVE_STRING_H 1
| #define HAVE_MATH_H 1
| #define HAVE_COMPLEX_H 1
| #define HAVE_LIBM 1
| #define HAVE_LIBFFTW3 1
| #define HAVE_LIBFFTW3_OMP 1
| #define SHT_F77_API 1
| #define _GCC_VEC_ 1
| #define SHT_VERBOSE 1
| #define HAVE_FFTW_COST 1
| #define TIME_WITH_SYS_TIME 1
| #define HAVE_SYS_TIME_H 1
| /* end confdefs.h.  */
| #include <c_asm.h>
configure:4478: result: no
configure:4478: checking for c_asm.h
configure:4478: result: no
configure:4478: checking intrinsics.h usability
configure:4478: gcc -march=native -c -O2 -I/usr/local/include -L/usr/local/lib -ffast-math -fomit-frame-pointer -std=gnu99 -fopenmp -fpic  conftest.c >&5
conftest.c:66:10: fatal error: intrinsics.h: No such file or directory
 #include <intrinsics.h>
          ^~~~~~~~~~~~~~
compilation terminated.
configure:4478: $? = 1
configure: failed program was:
| /* confdefs.h */
| #define PACKAGE_NAME "SHTns"
| #define PACKAGE_TARNAME "shtns"
| #define PACKAGE_VERSION "2.8"
| #define PACKAGE_STRING "SHTns 2.8"
| #define PACKAGE_BUGREPORT ""
| #define PACKAGE_URL "https://bitbucket.org/nschaeff/shtns"
| #define STDC_HEADERS 1
| #define HAVE_SYS_TYPES_H 1
| #define HAVE_SYS_STAT_H 1
| #define HAVE_STDLIB_H 1
| #define HAVE_STRING_H 1
| #define HAVE_MEMORY_H 1
| #define HAVE_STRINGS_H 1
| #define HAVE_INTTYPES_H 1
| #define HAVE_STDINT_H 1
| #define HAVE_UNISTD_H 1
| #define HAVE_STDLIB_H 1
| #define HAVE_STDIO_H 1
| #define HAVE_STRING_H 1
| #define HAVE_MATH_H 1
| #define HAVE_COMPLEX_H 1
| #define HAVE_LIBM 1
| #define HAVE_LIBFFTW3 1
| #define HAVE_LIBFFTW3_OMP 1
| #define SHT_F77_API 1
| #define _GCC_VEC_ 1
| #define SHT_VERBOSE 1
| #define HAVE_FFTW_COST 1
| #define TIME_WITH_SYS_TIME 1
| #define HAVE_SYS_TIME_H 1
| /* end confdefs.h.  */
| #include <stdio.h>
| #ifdef HAVE_SYS_TYPES_H
| # include <sys/types.h>
| #endif
| #ifdef HAVE_SYS_STAT_H
| # include <sys/stat.h>
| #endif
| #ifdef STDC_HEADERS
| # include <stdlib.h>
| # include <stddef.h>
| #else
| # ifdef HAVE_STDLIB_H
| #  include <stdlib.h>
| # endif
| #endif
| #ifdef HAVE_STRING_H
| # if !defined STDC_HEADERS && defined HAVE_MEMORY_H
| #  include <memory.h>
| # endif
| # include <string.h>
| #endif
| #ifdef HAVE_STRINGS_H
| # include <strings.h>
| #endif
| #ifdef HAVE_INTTYPES_H
| # include <inttypes.h>
| #endif
| #ifdef HAVE_STDINT_H
| # include <stdint.h>
| #endif
| #ifdef HAVE_UNISTD_H
| # include <unistd.h>
| #endif
| #include <intrinsics.h>
configure:4478: result: no
configure:4478: checking intrinsics.h presence
configure:4478: gcc -march=native -E  conftest.c
conftest.c:33:10: fatal error: intrinsics.h: No such file or directory
 #include <intrinsics.h>
          ^~~~~~~~~~~~~~
compilation terminated.
configure:4478: $? = 1
configure: failed program was:
| /* confdefs.h */
| #define PACKAGE_NAME "SHTns"
| #define PACKAGE_TARNAME "shtns"
| #define PACKAGE_VERSION "2.8"
| #define PACKAGE_STRING "SHTns 2.8"
| #define PACKAGE_BUGREPORT ""
| #define PACKAGE_URL "https://bitbucket.org/nschaeff/shtns"
| #define STDC_HEADERS 1
| #define HAVE_SYS_TYPES_H 1
| #define HAVE_SYS_STAT_H 1
| #define HAVE_STDLIB_H 1
| #define HAVE_STRING_H 1
| #define HAVE_MEMORY_H 1
| #define HAVE_STRINGS_H 1
| #define HAVE_INTTYPES_H 1
| #define HAVE_STDINT_H 1
| #define HAVE_UNISTD_H 1
| #define HAVE_STDLIB_H 1
| #define HAVE_STDIO_H 1
| #define HAVE_STRING_H 1
| #define HAVE_MATH_H 1
| #define HAVE_COMPLEX_H 1
| #define HAVE_LIBM 1
| #define HAVE_LIBFFTW3 1
| #define HAVE_LIBFFTW3_OMP 1
| #define SHT_F77_API 1
| #define _GCC_VEC_ 1
| #define SHT_VERBOSE 1
| #define HAVE_FFTW_COST 1
| #define TIME_WITH_SYS_TIME 1
| #define HAVE_SYS_TIME_H 1
| /* end confdefs.h.  */
| #include <intrinsics.h>
configure:4478: result: no
configure:4478: checking for intrinsics.h
configure:4478: result: no
configure:4478: checking mach/mach_time.h usability
configure:4478: gcc -march=native -c -O2 -I/usr/local/include -L/usr/local/lib -ffast-math -fomit-frame-pointer -std=gnu99 -fopenmp -fpic  conftest.c >&5
conftest.c:66:10: fatal error: mach/mach_time.h: No such file or directory
 #include <mach/mach_time.h>
          ^~~~~~~~~~~~~~~~~~
compilation terminated.
configure:4478: $? = 1
configure: failed program was:
| /* confdefs.h */
| #define PACKAGE_NAME "SHTns"
| #define PACKAGE_TARNAME "shtns"
| #define PACKAGE_VERSION "2.8"
| #define PACKAGE_STRING "SHTns 2.8"
| #define PACKAGE_BUGREPORT ""
| #define PACKAGE_URL "https://bitbucket.org/nschaeff/shtns"
| #define STDC_HEADERS 1
| #define HAVE_SYS_TYPES_H 1
| #define HAVE_SYS_STAT_H 1
| #define HAVE_STDLIB_H 1
| #define HAVE_STRING_H 1
| #define HAVE_MEMORY_H 1
| #define HAVE_STRINGS_H 1
| #define HAVE_INTTYPES_H 1
| #define HAVE_STDINT_H 1
| #define HAVE_UNISTD_H 1
| #define HAVE_STDLIB_H 1
| #define HAVE_STDIO_H 1
| #define HAVE_STRING_H 1
| #define HAVE_MATH_H 1
| #define HAVE_COMPLEX_H 1
| #define HAVE_LIBM 1
| #define HAVE_LIBFFTW3 1
| #define HAVE_LIBFFTW3_OMP 1
| #define SHT_F77_API 1
| #define _GCC_VEC_ 1
| #define SHT_VERBOSE 1
| #define HAVE_FFTW_COST 1
| #define TIME_WITH_SYS_TIME 1
| #define HAVE_SYS_TIME_H 1
| /* end confdefs.h.  */
| #include <stdio.h>
| #ifdef HAVE_SYS_TYPES_H
| # include <sys/types.h>
| #endif
| #ifdef HAVE_SYS_STAT_H
| # include <sys/stat.h>
| #endif
| #ifdef STDC_HEADERS
| # include <stdlib.h>
| # include <stddef.h>
| #else
| # ifdef HAVE_STDLIB_H
| #  include <stdlib.h>
| # endif
| #endif
| #ifdef HAVE_STRING_H
| # if !defined STDC_HEADERS && defined HAVE_MEMORY_H
| #  include <memory.h>
| # endif
| # include <string.h>
| #endif
| #ifdef HAVE_STRINGS_H
| # include <strings.h>
| #endif
| #ifdef HAVE_INTTYPES_H
| # include <inttypes.h>
| #endif
| #ifdef HAVE_STDINT_H
| # include <stdint.h>
| #endif
| #ifdef HAVE_UNISTD_H
| # include <unistd.h>
| #endif
| #include <mach/mach_time.h>
configure:4478: result: no
configure:4478: checking mach/mach_time.h presence
configure:4478: gcc -march=native -E  conftest.c
conftest.c:33:10: fatal error: mach/mach_time.h: No such file or directory
 #include <mach/mach_time.h>
          ^~~~~~~~~~~~~~~~~~
compilation terminated.
configure:4478: $? = 1
configure: failed program was:
| /* confdefs.h */
| #define PACKAGE_NAME "SHTns"
| #define PACKAGE_TARNAME "shtns"
| #define PACKAGE_VERSION "2.8"
| #define PACKAGE_STRING "SHTns 2.8"
| #define PACKAGE_BUGREPORT ""
| #define PACKAGE_URL "https://bitbucket.org/nschaeff/shtns"
| #define STDC_HEADERS 1
| #define HAVE_SYS_TYPES_H 1
| #define HAVE_SYS_STAT_H 1
| #define HAVE_STDLIB_H 1
| #define HAVE_STRING_H 1
| #define HAVE_MEMORY_H 1
| #define HAVE_STRINGS_H 1
| #define HAVE_INTTYPES_H 1
| #define HAVE_STDINT_H 1
| #define HAVE_UNISTD_H 1
| #define HAVE_STDLIB_H 1
| #define HAVE_STDIO_H 1
| #define HAVE_STRING_H 1
| #define HAVE_MATH_H 1
| #define HAVE_COMPLEX_H 1
| #define HAVE_LIBM 1
| #define HAVE_LIBFFTW3 1
| #define HAVE_LIBFFTW3_OMP 1
| #define SHT_F77_API 1
| #define _GCC_VEC_ 1
| #define SHT_VERBOSE 1
| #define HAVE_FFTW_COST 1
| #define TIME_WITH_SYS_TIME 1
| #define HAVE_SYS_TIME_H 1
| /* end confdefs.h.  */
| #include <mach/mach_time.h>
configure:4478: result: no
configure:4478: checking for mach/mach_time.h
configure:4478: result: no
configure:4489: checking for hrtime_t
configure:4489: gcc -march=native -c -O2 -I/usr/local/include -L/usr/local/lib -ffast-math -fomit-frame-pointer -std=gnu99 -fopenmp -fpic  conftest.c >&5
conftest.c: In function 'main':
conftest.c:40:13: error: 'hrtime_t' undeclared (first use in this function); did you mean 'time_t'?
 if (sizeof (hrtime_t))
             ^~~~~~~~
             time_t
conftest.c:40:13: note: each undeclared identifier is reported only once for each function it appears in
configure:4489: $? = 1
configure: failed program was:
| /* confdefs.h */
| #define PACKAGE_NAME "SHTns"
| #define PACKAGE_TARNAME "shtns"
| #define PACKAGE_VERSION "2.8"
| #define PACKAGE_STRING "SHTns 2.8"
| #define PACKAGE_BUGREPORT ""
| #define PACKAGE_URL "https://bitbucket.org/nschaeff/shtns"
| #define STDC_HEADERS 1
| #define HAVE_SYS_TYPES_H 1
| #define HAVE_SYS_STAT_H 1
| #define HAVE_STDLIB_H 1
| #define HAVE_STRING_H 1
| #define HAVE_MEMORY_H 1
| #define HAVE_STRINGS_H 1
| #define HAVE_INTTYPES_H 1
| #define HAVE_STDINT_H 1
| #define HAVE_UNISTD_H 1
| #define HAVE_STDLIB_H 1
| #define HAVE_STDIO_H 1
| #define HAVE_STRING_H 1
| #define HAVE_MATH_H 1
| #define HAVE_COMPLEX_H 1
| #define HAVE_LIBM 1
| #define HAVE_LIBFFTW3 1
| #define HAVE_LIBFFTW3_OMP 1
| #define SHT_F77_API 1
| #define _GCC_VEC_ 1
| #define SHT_VERBOSE 1
| #define HAVE_FFTW_COST 1
| #define TIME_WITH_SYS_TIME 1
| #define HAVE_SYS_TIME_H 1
| /* end confdefs.h.  */
| #if HAVE_SYS_TIME_H
| #include <sys/time.h>
| #endif
| 
| int
| main ()
| {
| if (sizeof (hrtime_t))
| 	 return 0;
|   ;
|   return 0;
| }
configure:4489: result: no
configure:4503: checking for gethrtime
configure:4503: gcc -march=native -o conftest -O2 -I/usr/local/include -L/usr/local/lib -ffast-math -fomit-frame-pointer -std=gnu99 -fopenmp -fpic   conftest.c -lfftw3_omp -lfftw3 -lm  >&5
/tmp/ccjTewcx.o: In function `main':
conftest.c:(.text.startup+0x7): undefined reference to `gethrtime'
collect2: error: ld returned 1 exit status
configure:4503: $? = 1
configure: failed program was:
| /* confdefs.h */
| #define PACKAGE_NAME "SHTns"
| #define PACKAGE_TARNAME "shtns"
| #define PACKAGE_VERSION "2.8"
| #define PACKAGE_STRING "SHTns 2.8"
| #define PACKAGE_BUGREPORT ""
| #define PACKAGE_URL "https://bitbucket.org/nschaeff/shtns"
| #define STDC_HEADERS 1
| #define HAVE_SYS_TYPES_H 1
| #define HAVE_SYS_STAT_H 1
| #define HAVE_STDLIB_H 1
| #define HAVE_STRING_H 1
| #define HAVE_MEMORY_H 1
| #define HAVE_STRINGS_H 1
| #define HAVE_INTTYPES_H 1
| #define HAVE_STDINT_H 1
| #define HAVE_UNISTD_H 1
| #define HAVE_STDLIB_H 1
| #define HAVE_STDIO_H 1
| #define HAVE_STRING_H 1
| #define HAVE_MATH_H 1
| #define HAVE_COMPLEX_H 1
| #define HAVE_LIBM 1
| #define HAVE_LIBFFTW3 1
| #define HAVE_LIBFFTW3_OMP 1
| #define SHT_F77_API 1
| #define _GCC_VEC_ 1
| #define SHT_VERBOSE 1
| #define HAVE_FFTW_COST 1
| #define TIME_WITH_SYS_TIME 1
| #define HAVE_SYS_TIME_H 1
| /* end confdefs.h.  */
| /* Define gethrtime to an innocuous variant, in case <limits.h> declares gethrtime.
|    For example, HP-UX 11i <limits.h> declares gettimeofday.  */
| #define gethrtime innocuous_gethrtime
| 
| /* System header to define __stub macros and hopefully few prototypes,
|     which can conflict with char gethrtime (); below.
|     Prefer <limits.h> to <assert.h> if __STDC__ is defined, since
|     <limits.h> exists even on freestanding compilers.  */
| 
| #ifdef __STDC__
| # include <limits.h>
| #else
| # include <assert.h>
| #endif
| 
| #undef gethrtime
| 
| /* Override any GCC internal prototype to avoid an error.
|    Use char because int might match the return type of a GCC
|    builtin and then its argument prototype would still apply.  */
| #ifdef __cplusplus
| extern "C"
| #endif
| char gethrtime ();
| /* The GNU C library defines this for functions which it implements
|     to always fail with ENOSYS.  Some functions are actually named
|     something starting with __ and the normal name is an alias.  */
| #if defined __stub_gethrtime || defined __stub___gethrtime
| choke me
| #endif
| 
| int
| main ()
| {
| return gethrtime ();
|   ;
|   return 0;
| }
configure:4503: result: no
configure:4503: checking for read_real_time
configure:4503: gcc -march=native -o conftest -O2 -I/usr/local/include -L/usr/local/lib -ffast-math -fomit-frame-pointer -std=gnu99 -fopenmp -fpic   conftest.c -lfftw3_omp -lfftw3 -lm  >&5
/tmp/ccq7fsXC.o: In function `main':
conftest.c:(.text.startup+0x7): undefined reference to `read_real_time'
collect2: error: ld returned 1 exit status
configure:4503: $? = 1
configure: failed program was:
| /* confdefs.h */
| #define PACKAGE_NAME "SHTns"
| #define PACKAGE_TARNAME "shtns"
| #define PACKAGE_VERSION "2.8"
| #define PACKAGE_STRING "SHTns 2.8"
| #define PACKAGE_BUGREPORT ""
| #define PACKAGE_URL "https://bitbucket.org/nschaeff/shtns"
| #define STDC_HEADERS 1
| #define HAVE_SYS_TYPES_H 1
| #define HAVE_SYS_STAT_H 1
| #define HAVE_STDLIB_H 1
| #define HAVE_STRING_H 1
| #define HAVE_MEMORY_H 1
| #define HAVE_STRINGS_H 1
| #define HAVE_INTTYPES_H 1
| #define HAVE_STDINT_H 1
| #define HAVE_UNISTD_H 1
| #define HAVE_STDLIB_H 1
| #define HAVE_STDIO_H 1
| #define HAVE_STRING_H 1
| #define HAVE_MATH_H 1
| #define HAVE_COMPLEX_H 1
| #define HAVE_LIBM 1
| #define HAVE_LIBFFTW3 1
| #define HAVE_LIBFFTW3_OMP 1
| #define SHT_F77_API 1
| #define _GCC_VEC_ 1
| #define SHT_VERBOSE 1
| #define HAVE_FFTW_COST 1
| #define TIME_WITH_SYS_TIME 1
| #define HAVE_SYS_TIME_H 1
| /* end confdefs.h.  */
| /* Define read_real_time to an innocuous variant, in case <limits.h> declares read_real_time.
|    For example, HP-UX 11i <limits.h> declares gettimeofday.  */
| #define read_real_time innocuous_read_real_time
| 
| /* System header to define __stub macros and hopefully few prototypes,
|     which can conflict with char read_real_time (); below.
|     Prefer <limits.h> to <assert.h> if __STDC__ is defined, since
|     <limits.h> exists even on freestanding compilers.  */
| 
| #ifdef __STDC__
| # include <limits.h>
| #else
| # include <assert.h>
| #endif
| 
| #undef read_real_time
| 
| /* Override any GCC internal prototype to avoid an error.
|    Use char because int might match the return type of a GCC
|    builtin and then its argument prototype would still apply.  */
| #ifdef __cplusplus
| extern "C"
| #endif
| char read_real_time ();
| /* The GNU C library defines this for functions which it implements
|     to always fail with ENOSYS.  Some functions are actually named
|     something starting with __ and the normal name is an alias.  */
| #if defined __stub_read_real_time || defined __stub___read_real_time
| choke me
| #endif
| 
| int
| main ()
| {
| return read_real_time ();
|   ;
|   return 0;
| }
configure:4503: result: no
configure:4503: checking for time_base_to_time
configure:4503: gcc -march=native -o conftest -O2 -I/usr/local/include -L/usr/local/lib -ffast-math -fomit-frame-pointer -std=gnu99 -fopenmp -fpic   conftest.c -lfftw3_omp -lfftw3 -lm  >&5
/tmp/ccfNIulI.o: In function `main':
conftest.c:(.text.startup+0x7): undefined reference to `time_base_to_time'
collect2: error: ld returned 1 exit status
configure:4503: $? = 1
configure: failed program was:
| /* confdefs.h */
| #define PACKAGE_NAME "SHTns"
| #define PACKAGE_TARNAME "shtns"
| #define PACKAGE_VERSION "2.8"
| #define PACKAGE_STRING "SHTns 2.8"
| #define PACKAGE_BUGREPORT ""
| #define PACKAGE_URL "https://bitbucket.org/nschaeff/shtns"
| #define STDC_HEADERS 1
| #define HAVE_SYS_TYPES_H 1
| #define HAVE_SYS_STAT_H 1
| #define HAVE_STDLIB_H 1
| #define HAVE_STRING_H 1
| #define HAVE_MEMORY_H 1
| #define HAVE_STRINGS_H 1
| #define HAVE_INTTYPES_H 1
| #define HAVE_STDINT_H 1
| #define HAVE_UNISTD_H 1
| #define HAVE_STDLIB_H 1
| #define HAVE_STDIO_H 1
| #define HAVE_STRING_H 1
| #define HAVE_MATH_H 1
| #define HAVE_COMPLEX_H 1
| #define HAVE_LIBM 1
| #define HAVE_LIBFFTW3 1
| #define HAVE_LIBFFTW3_OMP 1
| #define SHT_F77_API 1
| #define _GCC_VEC_ 1
| #define SHT_VERBOSE 1
| #define HAVE_FFTW_COST 1
| #define TIME_WITH_SYS_TIME 1
| #define HAVE_SYS_TIME_H 1
| /* end confdefs.h.  */
| /* Define time_base_to_time to an innocuous variant, in case <limits.h> declares time_base_to_time.
|    For example, HP-UX 11i <limits.h> declares gettimeofday.  */
| #define time_base_to_time innocuous_time_base_to_time
| 
| /* System header to define __stub macros and hopefully few prototypes,
|     which can conflict with char time_base_to_time (); below.
|     Prefer <limits.h> to <assert.h> if __STDC__ is defined, since
|     <limits.h> exists even on freestanding compilers.  */
| 
| #ifdef __STDC__
| # include <limits.h>
| #else
| # include <assert.h>
| #endif
| 
| #undef time_base_to_time
| 
| /* Override any GCC internal prototype to avoid an error.
|    Use char because int might match the return type of a GCC
|    builtin and then its argument prototype would still apply.  */
| #ifdef __cplusplus
| extern "C"
| #endif
| char time_base_to_time ();
| /* The GNU C library defines this for functions which it implements
|     to always fail with ENOSYS.  Some functions are actually named
|     something starting with __ and the normal name is an alias.  */
| #if defined __stub_time_base_to_time || defined __stub___time_base_to_time
| choke me
| #endif
| 
| int
| main ()
| {
| return time_base_to_time ();
|   ;
|   return 0;
| }
configure:4503: result: no
configure:4503: checking for clock_gettime
configure:4503: gcc -march=native -o conftest -O2 -I/usr/local/include -L/usr/local/lib -ffast-math -fomit-frame-pointer -std=gnu99 -fopenmp -fpic   conftest.c -lfftw3_omp -lfftw3 -lm  >&5
configure:4503: $? = 0
configure:4503: result: yes
configure:4503: checking for mach_absolute_time
configure:4503: gcc -march=native -o conftest -O2 -I/usr/local/include -L/usr/local/lib -ffast-math -fomit-frame-pointer -std=gnu99 -fopenmp -fpic   conftest.c -lfftw3_omp -lfftw3 -lm  >&5
/tmp/ccXEsTtQ.o: In function `main':
conftest.c:(.text.startup+0x7): undefined reference to `mach_absolute_time'
collect2: error: ld returned 1 exit status
configure:4503: $? = 1
configure: failed program was:
| /* confdefs.h */
| #define PACKAGE_NAME "SHTns"
| #define PACKAGE_TARNAME "shtns"
| #define PACKAGE_VERSION "2.8"
| #define PACKAGE_STRING "SHTns 2.8"
| #define PACKAGE_BUGREPORT ""
| #define PACKAGE_URL "https://bitbucket.org/nschaeff/shtns"
| #define STDC_HEADERS 1
| #define HAVE_SYS_TYPES_H 1
| #define HAVE_SYS_STAT_H 1
| #define HAVE_STDLIB_H 1
| #define HAVE_STRING_H 1
| #define HAVE_MEMORY_H 1
| #define HAVE_STRINGS_H 1
| #define HAVE_INTTYPES_H 1
| #define HAVE_STDINT_H 1
| #define HAVE_UNISTD_H 1
| #define HAVE_STDLIB_H 1
| #define HAVE_STDIO_H 1
| #define HAVE_STRING_H 1
| #define HAVE_MATH_H 1
| #define HAVE_COMPLEX_H 1
| #define HAVE_LIBM 1
| #define HAVE_LIBFFTW3 1
| #define HAVE_LIBFFTW3_OMP 1
| #define SHT_F77_API 1
| #define _GCC_VEC_ 1
| #define SHT_VERBOSE 1
| #define HAVE_FFTW_COST 1
| #define TIME_WITH_SYS_TIME 1
| #define HAVE_SYS_TIME_H 1
| #define HAVE_CLOCK_GETTIME 1
| /* end confdefs.h.  */
| /* Define mach_absolute_time to an innocuous variant, in case <limits.h> declares mach_absolute_time.
|    For example, HP-UX 11i <limits.h> declares gettimeofday.  */
| #define mach_absolute_time innocuous_mach_absolute_time
| 
| /* System header to define __stub macros and hopefully few prototypes,
|     which can conflict with char mach_absolute_time (); below.
|     Prefer <limits.h> to <assert.h> if __STDC__ is defined, since
|     <limits.h> exists even on freestanding compilers.  */
| 
| #ifdef __STDC__
| # include <limits.h>
| #else
| # include <assert.h>
| #endif
| 
| #undef mach_absolute_time
| 
| /* Override any GCC internal prototype to avoid an error.
|    Use char because int might match the return type of a GCC
|    builtin and then its argument prototype would still apply.  */
| #ifdef __cplusplus
| extern "C"
| #endif
| char mach_absolute_time ();
| /* The GNU C library defines this for functions which it implements
|     to always fail with ENOSYS.  Some functions are actually named
|     something starting with __ and the normal name is an alias.  */
| #if defined __stub_mach_absolute_time || defined __stub___mach_absolute_time
| choke me
| #endif
| 
| int
| main ()
| {
| return mach_absolute_time ();
|   ;
|   return 0;
| }
configure:4503: result: no
configure:4513: checking for _rtc intrinsic
configure:4529: gcc -march=native -o conftest -O2 -I/usr/local/include -L/usr/local/lib -ffast-math -fomit-frame-pointer -std=gnu99 -fopenmp -fpic   conftest.c -lfftw3_omp -lfftw3 -lm  >&5
conftest.c: In function 'main':
conftest.c:40:1: warning: implicit declaration of function '_rtc' [-Wimplicit-function-declaration]
 _rtc()
 ^~~~
/tmp/cclMrj8W.o: In function `main':
conftest.c:(.text.startup+0x7): undefined reference to `_rtc'
collect2: error: ld returned 1 exit status
configure:4529: $? = 1
configure: failed program was:
| /* confdefs.h */
| #define PACKAGE_NAME "SHTns"
| #define PACKAGE_TARNAME "shtns"
| #define PACKAGE_VERSION "2.8"
| #define PACKAGE_STRING "SHTns 2.8"
| #define PACKAGE_BUGREPORT ""
| #define PACKAGE_URL "https://bitbucket.org/nschaeff/shtns"
| #define STDC_HEADERS 1
| #define HAVE_SYS_TYPES_H 1
| #define HAVE_SYS_STAT_H 1
| #define HAVE_STDLIB_H 1
| #define HAVE_STRING_H 1
| #define HAVE_MEMORY_H 1
| #define HAVE_STRINGS_H 1
| #define HAVE_INTTYPES_H 1
| #define HAVE_STDINT_H 1
| #define HAVE_UNISTD_H 1
| #define HAVE_STDLIB_H 1
| #define HAVE_STDIO_H 1
| #define HAVE_STRING_H 1
| #define HAVE_MATH_H 1
| #define HAVE_COMPLEX_H 1
| #define HAVE_LIBM 1
| #define HAVE_LIBFFTW3 1
| #define HAVE_LIBFFTW3_OMP 1
| #define SHT_F77_API 1
| #define _GCC_VEC_ 1
| #define SHT_VERBOSE 1
| #define HAVE_FFTW_COST 1
| #define TIME_WITH_SYS_TIME 1
| #define HAVE_SYS_TIME_H 1
| #define HAVE_CLOCK_GETTIME 1
| /* end confdefs.h.  */
| #ifdef HAVE_INTRINSICS_H
| #include <intrinsics.h>
| #endif
| int
| main ()
| {
| _rtc()
|   ;
|   return 0;
| }
configure:4538: result: no
configure:4596: checking for gfortran
configure:4626: result: no
configure:4596: checking for g95
configure:4626: result: no
configure:4596: checking for xlf95
configure:4626: result: no
configure:4596: checking for f95
configure:4626: result: no
configure:4596: checking for fort
configure:4626: result: no
configure:4596: checking for ifort
configure:4626: result: no
configure:4596: checking for ifc
configure:4626: result: no
configure:4596: checking for efc
configure:4626: result: no
configure:4596: checking for pgfortran
configure:4626: result: no
configure:4596: checking for pgf95
configure:4626: result: no
configure:4596: checking for lf95
configure:4626: result: no
configure:4596: checking for ftn
configure:4626: result: no
configure:4596: checking for nagfor
configure:4626: result: no
configure:4596: checking for xlf90
configure:4626: result: no
configure:4596: checking for f90
configure:4626: result: no
configure:4596: checking for pgf90
configure:4626: result: no
configure:4596: checking for pghpf
configure:4626: result: no
configure:4596: checking for epcf90
configure:4626: result: no
configure:4596: checking for g77
configure:4626: result: no
configure:4596: checking for xlf
configure:4626: result: no
configure:4596: checking for f77
configure:4626: result: no
configure:4596: checking for frt
configure:4626: result: no
configure:4596: checking for pgf77
configure:4626: result: no
configure:4596: checking for cf77
configure:4626: result: no
configure:4596: checking for fort77
configure:4626: result: no
configure:4596: checking for fl32
configure:4626: result: no
configure:4596: checking for af77
configure:4626: result: no
configure:4649: checking for Fortran compiler version
configure:4658:  --version >&5
./configure: line 4660: --version: command not found
configure:4669: $? = 127
configure:4658:  -v >&5
./configure: line 4660: -v: command not found
configure:4669: $? = 127
configure:4658:  -V >&5
./configure: line 4660: -V: command not found
configure:4669: $? = 127
configure:4658:  -qversion >&5
./configure: line 4660: -qversion: command not found
configure:4669: $? = 127
configure:4678: checking whether we are using the GNU Fortran compiler
configure:4691:  -c   conftest.F >&5
./configure: line 1850: -c: command not found
configure:4691: $? = 127
configure: failed program was:
|       program main
| #ifndef __GNUC__
|        choke me
| #endif
| 
|       end
configure:4700: result: no
configure:4706: checking whether  accepts -g
configure:4717:  -c -g  conftest.f >&5
./configure: line 1850: -c: command not found
configure:4717: $? = 127
configure: failed program was:
|       program main
| 
|       end
configure:4725: result: no
configure:4878: creating ./config.status

## ---------------------- ##
## Running config.status. ##
## ---------------------- ##

This file was extended by SHTns config.status 2.8, which was
generated by GNU Autoconf 2.69.  Invocation command line was

  CONFIG_FILES    = 
  CONFIG_HEADERS  = 
  CONFIG_LINKS    = 
  CONFIG_COMMANDS = 
  $ ./config.status 

on localhost.localdomain

config.status:827: creating Makefile
config.status:827: creating setup.py
config.status:827: creating sht_config.h

## ---------------- ##
## Cache variables. ##
## ---------------- ##

ac_cv_c_compiler_gnu=yes
ac_cv_c_inline=inline
ac_cv_env_CC_set=
ac_cv_env_CC_value=
ac_cv_env_CFLAGS_set=
ac_cv_env_CFLAGS_value=
ac_cv_env_CPPFLAGS_set=
ac_cv_env_CPPFLAGS_value=
ac_cv_env_CPP_set=
ac_cv_env_CPP_value=
ac_cv_env_FCFLAGS_set=
ac_cv_env_FCFLAGS_value=
ac_cv_env_FC_set=
ac_cv_env_FC_value=
ac_cv_env_LDFLAGS_set=
ac_cv_env_LDFLAGS_value=
ac_cv_env_LIBS_set=
ac_cv_env_LIBS_value=
ac_cv_env_PYTHON_set=
ac_cv_env_PYTHON_value=
ac_cv_env_build_alias_set=
ac_cv_env_build_alias_value=
ac_cv_env_host_alias_set=
ac_cv_env_host_alias_value=
ac_cv_env_target_alias_set=
ac_cv_env_target_alias_value=
ac_cv_fc_compiler_gnu=no
ac_cv_func_clock_gettime=yes
ac_cv_func_fftw_cost=yes
ac_cv_func_gethrtime=no
ac_cv_func_mach_absolute_time=no
ac_cv_func_read_real_time=no
ac_cv_func_time_base_to_time=no
ac_cv_header_c_asm_h=no
ac_cv_header_complex_h=yes
ac_cv_header_intrinsics_h=no
ac_cv_header_inttypes_h=yes
ac_cv_header_mach_mach_time_h=no
ac_cv_header_math_h=yes
ac_cv_header_memory_h=yes
ac_cv_header_stdc=yes
ac_cv_header_stdint_h=yes
ac_cv_header_stdio_h=yes
ac_cv_header_stdlib_h=yes
ac_cv_header_string_h=yes
ac_cv_header_strings_h=yes
ac_cv_header_sys_stat_h=yes
ac_cv_header_sys_time_h=yes
ac_cv_header_sys_types_h=yes
ac_cv_header_time=yes
ac_cv_header_unistd_h=yes
ac_cv_lib_fftw3_fftw_plan_many_dft=yes
ac_cv_lib_fftw3_omp_fftw_init_threads=yes
ac_cv_lib_m_cos=yes
ac_cv_objext=o
ac_cv_path_EGREP='/usr/bin/grep -E'
ac_cv_path_GREP=/usr/bin/grep
ac_cv_path_SED=/usr/bin/sed
ac_cv_prog_CPP='gcc -march=native -E'
ac_cv_prog_ac_ct_CC=gcc
ac_cv_prog_c_openmp=-fopenmp
ac_cv_prog_cc_c89=
ac_cv_prog_cc_g=yes
ac_cv_prog_fc_g=no
ac_cv_type_hrtime_t=no
ac_cv_type_size_t=yes
ax_cv_check_cflags___ffast_math=yes
ax_cv_check_cflags___fomit_frame_pointer=yes
ax_cv_check_cflags___march_native=yes
ax_cv_check_cflags___std_gnu99=yes

## ----------------- ##
## Output variables. ##
## ----------------- ##

CC='gcc -march=native'
CFLAGS='-O2 -I/usr/local/include -L/usr/local/lib -ffast-math -fomit-frame-pointer -std=gnu99 -fopenmp -fpic'
CPP='gcc -march=native -E'
CPPFLAGS=''
DEFS='-DHAVE_CONFIG_H'
ECHO_C=''
ECHO_N='-n'
ECHO_T=''
EGREP='/usr/bin/grep -E'
EXEEXT=''
FC=''
FCFLAGS=''
GREP='/usr/bin/grep'
LDFLAGS=''
LIBOBJS=''
LIBS='-lfftw3_omp -lfftw3 -lm '
LTLIBOBJS=''
OBJEXT='o'
OPENMP_CFLAGS='-fopenmp'
PACKAGE_BUGREPORT=''
PACKAGE_NAME='SHTns'
PACKAGE_STRING='SHTns 2.8'
PACKAGE_TARNAME='shtns'
PACKAGE_URL='https://bitbucket.org/nschaeff/shtns'
PACKAGE_VERSION='2.8'
PATH_SEPARATOR=':'
PYTHON='python'
SED='/usr/bin/sed'
SHELL='/bin/sh'
ac_ct_CC='gcc'
ac_ct_FC=''
bindir='${exec_prefix}/bin'
build_alias=''
datadir='${datarootdir}'
datarootdir='${prefix}/share'
docdir='${datarootdir}/doc/${PACKAGE_TARNAME}'
dvidir='${docdir}'
exec_prefix='${prefix}'
host_alias=''
htmldir='${docdir}'
includedir='${prefix}/include'
infodir='${datarootdir}/info'
install='install-py'
libdir='/usr/lib64'
libexecdir='${exec_prefix}/lib'
libname='libshtns_omp.a'
localedir='${datarootdir}/locale'
localstatedir='${prefix}/var'
mandir='${datarootdir}/man'
numpy_inc='/usr/lib64/python2.7/site-packages/numpy/core/include'
objs='sht_fly.o sht_omp.o'
oldincludedir='/usr/include'
pdfdir='${docdir}'
prefix='/usr/local'
program_transform_name='s,x,x,'
psdir='${docdir}'
python_inc='/usr/include/python2.7'
sbindir='${exec_prefix}/sbin'
sharedstatedir='${prefix}/com'
shtcc_flags='-O3'
sysconfdir='${prefix}/etc'
target='_shtns.so'
target_alias=''

## ----------- ##
## confdefs.h. ##
## ----------- ##

/* confdefs.h */
#define PACKAGE_NAME "SHTns"
#define PACKAGE_TARNAME "shtns"
#define PACKAGE_VERSION "2.8"
#define PACKAGE_STRING "SHTns 2.8"
#define PACKAGE_BUGREPORT ""
#define PACKAGE_URL "https://bitbucket.org/nschaeff/shtns"
#define STDC_HEADERS 1
#define HAVE_SYS_TYPES_H 1
#define HAVE_SYS_STAT_H 1
#define HAVE_STDLIB_H 1
#define HAVE_STRING_H 1
#define HAVE_MEMORY_H 1
#define HAVE_STRINGS_H 1
#define HAVE_INTTYPES_H 1
#define HAVE_STDINT_H 1
#define HAVE_UNISTD_H 1
#define HAVE_STDLIB_H 1
#define HAVE_STDIO_H 1
#define HAVE_STRING_H 1
#define HAVE_MATH_H 1
#define HAVE_COMPLEX_H 1
#define HAVE_LIBM 1
#define HAVE_LIBFFTW3 1
#define HAVE_LIBFFTW3_OMP 1
#define SHT_F77_API 1
#define _GCC_VEC_ 1
#define SHT_VERBOSE 1
#define HAVE_FFTW_COST 1
#define TIME_WITH_SYS_TIME 1
#define HAVE_SYS_TIME_H 1
#define HAVE_CLOCK_GETTIME 1

configure: exit 0
